<?xml version="1.0" encoding="UTF-8"?>
<!-- Generated by org.testng.reporters.JUnitXMLReporter -->
<testsuite ignored="0" hostname="LAPTOP-MTN9L9NC" failures="0" tests="12" name="Test" time="8.411" errors="0" timestamp="2025-09-26T13:37:49 IST">
  <testcase classname="com.ReqresRequest.GetRequest" name="getDataOfFifthPage" time="1.948"/>
  <testcase classname="com.ReqresRequest.GetRequest" name="getDataOfFirstPage" time="0.095"/>
  <testcase classname="com.ReqresRequest.GetRequest" name="getValidRequest" time="0.086"/>
  <testcase classname="com.ReqresRequest.DeleteRequest" name="deleteData" time="0.452"/>
  <testcase classname="com.ReqresRequest.DeleteRequest" name="deleteDataWithInvalidKey" time="0.268"/>
  <testcase classname="com.ReqresRequest.DeleteRequest" name="deleteDataWithInvalidMethod" time="0.302"/>
  <testcase classname="com.ReqresRequest.DeleteRequest" name="deleteDataWithInvalidURL" time="0.305"/>
  <testcase classname="com.ReqresRequest.PostRequest" name="postMethodInvalidData" time="0.502"/>
  <testcase classname="com.ReqresRequest.PostRequest" name="postMethodReq" time="0.406"/>
  <testcase classname="com.ReqresRequest.PostRequest" name="postMethodwithInvalidKeyValue" time="0.297"/>
  <testcase classname="com.ReqresRequest.PostRequest" name="postMethodwithInvalidValue" time="0.308"/>
  <testcase classname="com.ReqresRequest.PostRequest" name="postMethodwithInvalidurl" time="3.345"/>
</testsuite> <!-- Test -->
